<?xml version="1.0" encoding="UTF-8"?>
<!-- Generated by org.testng.reporters.JUnitReportReporter -->
<testsuite hostname="LAPTOP-MCIHK329" failures="0" tests="1" name="testPackage.ActitimeCreateManagers" time="7.962" errors="0" timestamp="2023-10-25T18:03:31 IST" skipped="0">
  <testcase classname="testPackage.ActitimeCreateManagers" name="createNewManagerTestScript" time="7.962"/>
</testsuite> <!-- testPackage.ActitimeCreateManagers -->
