<?xml version="1.0" encoding="UTF-8"?>
<!-- Generated by org.testng.reporters.JUnitReportReporter -->
<testsuite hostname="LAPTOP-MCIHK329" failures="0" tests="1" name="testPackage.ActiTimeDeleteTestCase" time="7.510" errors="0" timestamp="2023-10-25T18:03:31 IST" skipped="0">
  <testcase classname="testPackage.ActiTimeDeleteTestCase" name="deletetestScript" time="7.510"/>
</testsuite> <!-- testPackage.ActiTimeDeleteTestCase -->
