<?xml version="1.0" encoding="UTF-8"?>
<!-- Generated by org.testng.reporters.JUnitReportReporter -->
<testsuite hostname="LAPTOP-MCIHK329" failures="0" tests="1" name="testPackage.ActitimeCreateProjects_Customer" time="12.811" errors="0" timestamp="2023-10-25T18:03:31 IST" skipped="0">
  <testcase classname="testPackage.ActitimeCreateProjects_Customer" name="createValidCustomer_ProjectTestScript" time="12.811"/>
</testsuite> <!-- testPackage.ActitimeCreateProjects_Customer -->
